<?xml version="1.0" encoding="utf-8" standalone="no"?>
<!--This file represents the results of running a test suite-->
<test-results name="C:\Users\Laptop\Documents\GitHub\SSE659_Project2\TestCode\CS_TickTackToe.Tests\bin\Debug\CS_TickTackToe.Tests.dll" total="37" errors="0" failures="0" not-run="0" inconclusive="0" ignored="0" skipped="0" invalid="0" date="2013-10-15" time="18:23:16">
  <environment nunit-version="2.5.10.11092" clr-version="4.0.30319.1008" os-version="Microsoft Windows NT 6.1.7601 Service Pack 1" platform="Win32NT" cwd="C:\Users\Laptop\Documents\GitHub\SSE659_Project2\SourceCode" machine-name="LAPTOP-PC" user="Laptop" user-domain="Laptop-PC" />
  <culture-info current-culture="en-US" current-uiculture="en-US" />
  <test-suite type="Assembly" name="C:\Users\Laptop\Documents\GitHub\SSE659_Project2\TestCode\CS_TickTackToe.Tests\bin\Debug\CS_TickTackToe.Tests.dll" executed="True" result="Success" success="True" time="0.215" asserts="0">
    <results>
      <test-suite type="Namespace" name="CS_TickTackToe" executed="True" result="Success" success="True" time="0.210" asserts="0">
        <results>
          <test-suite type="Namespace" name="Tests" executed="True" result="Success" success="True" time="0.210" asserts="0">
            <results>
              <test-suite type="TestFixture" name="TickTackToeTest" executed="True" result="Success" success="True" time="0.209" asserts="0">
                <results>
                  <test-suite type="ParameterizedTest" name="checkDiagonalDownSequence" executed="True" result="Success" success="True" time="0.118" asserts="0">
                    <results>
                      <test-case name="CS_TickTackToe.Tests.TickTackToeTest.checkDiagonalDownSequence(2)" executed="True" result="Success" success="True" time="0.108" asserts="7" />
                      <test-case name="CS_TickTackToe.Tests.TickTackToeTest.checkDiagonalDownSequence(1)" executed="True" result="Success" success="True" time="0.000" asserts="7" />
                    </results>
                  </test-suite>
                  <test-suite type="ParameterizedTest" name="checkDiagonalDownWin" executed="True" result="Success" success="True" time="0.004" asserts="0">
                    <results>
                      <test-case name="CS_TickTackToe.Tests.TickTackToeTest.checkDiagonalDownWin(2)" executed="True" result="Success" success="True" time="0.001" asserts="1" />
                      <test-case name="CS_TickTackToe.Tests.TickTackToeTest.checkDiagonalDownWin(1)" executed="True" result="Success" success="True" time="0.000" asserts="1" />
                    </results>
                  </test-suite>
                  <test-suite type="ParameterizedTest" name="checkDiagonalUpSequence" executed="True" result="Success" success="True" time="0.003" asserts="0">
                    <results>
                      <test-case name="CS_TickTackToe.Tests.TickTackToeTest.checkDiagonalUpSequence(2)" executed="True" result="Success" success="True" time="0.001" asserts="7" />
                      <test-case name="CS_TickTackToe.Tests.TickTackToeTest.checkDiagonalUpSequence(1)" executed="True" result="Success" success="True" time="0.000" asserts="7" />
                    </results>
                  </test-suite>
                  <test-suite type="ParameterizedTest" name="checkDiagonalUpWin" executed="True" result="Success" success="True" time="0.003" asserts="0">
                    <results>
                      <test-case name="CS_TickTackToe.Tests.TickTackToeTest.checkDiagonalUpWin(1)" executed="True" result="Success" success="True" time="0.000" asserts="1" />
                      <test-case name="CS_TickTackToe.Tests.TickTackToeTest.checkDiagonalUpWin(2)" executed="True" result="Success" success="True" time="0.001" asserts="1" />
                    </results>
                  </test-suite>
                  <test-suite type="ParameterizedTest" name="checkGameTie" executed="True" result="Success" success="True" time="0.006" asserts="0">
                    <results>
                      <test-case name="CS_TickTackToe.Tests.TickTackToeTest.checkGameTie(1)" executed="True" result="Success" success="True" time="0.002" asserts="1" />
                      <test-case name="CS_TickTackToe.Tests.TickTackToeTest.checkGameTie(2)" executed="True" result="Success" success="True" time="0.000" asserts="1" />
                      <test-case name="CS_TickTackToe.Tests.TickTackToeTest.checkGameTie(0)" executed="True" result="Success" success="True" time="0.000" asserts="1" />
                    </results>
                  </test-suite>
                  <test-suite type="ParameterizedTest" name="checkHorizontalWin" executed="True" result="Success" success="True" time="0.009" asserts="0">
                    <results>
                      <test-case name="CS_TickTackToe.Tests.TickTackToeTest.checkHorizontalWin(0,1)" executed="True" result="Success" success="True" time="0.000" asserts="1" />
                      <test-case name="CS_TickTackToe.Tests.TickTackToeTest.checkHorizontalWin(1,1)" executed="True" result="Success" success="True" time="0.000" asserts="1" />
                      <test-case name="CS_TickTackToe.Tests.TickTackToeTest.checkHorizontalWin(2,1)" executed="True" result="Success" success="True" time="0.000" asserts="1" />
                      <test-case name="CS_TickTackToe.Tests.TickTackToeTest.checkHorizontalWin(0,2)" executed="True" result="Success" success="True" time="0.001" asserts="1" />
                      <test-case name="CS_TickTackToe.Tests.TickTackToeTest.checkHorizontalWin(1,2)" executed="True" result="Success" success="True" time="0.000" asserts="1" />
                      <test-case name="CS_TickTackToe.Tests.TickTackToeTest.checkHorizontalWin(2,2)" executed="True" result="Success" success="True" time="0.000" asserts="1" />
                    </results>
                  </test-suite>
                  <test-suite type="ParameterizedTest" name="checkHortizontalSequenceFirstRow" executed="True" result="Success" success="True" time="0.003" asserts="0">
                    <results>
                      <test-case name="CS_TickTackToe.Tests.TickTackToeTest.checkHortizontalSequenceFirstRow(1)" executed="True" result="Success" success="True" time="0.001" asserts="7" />
                      <test-case name="CS_TickTackToe.Tests.TickTackToeTest.checkHortizontalSequenceFirstRow(2)" executed="True" result="Success" success="True" time="0.001" asserts="7" />
                    </results>
                  </test-suite>
                  <test-suite type="ParameterizedTest" name="checkHortizontalSequenceSecondRow" executed="True" result="Success" success="True" time="0.003" asserts="0">
                    <results>
                      <test-case name="CS_TickTackToe.Tests.TickTackToeTest.checkHortizontalSequenceSecondRow(1)" executed="True" result="Success" success="True" time="0.001" asserts="7" />
                      <test-case name="CS_TickTackToe.Tests.TickTackToeTest.checkHortizontalSequenceSecondRow(2)" executed="True" result="Success" success="True" time="0.000" asserts="7" />
                    </results>
                  </test-suite>
                  <test-suite type="ParameterizedTest" name="checkHortizontalSequenceThirdRow" executed="True" result="Success" success="True" time="0.002" asserts="0">
                    <results>
                      <test-case name="CS_TickTackToe.Tests.TickTackToeTest.checkHortizontalSequenceThirdRow(2)" executed="True" result="Success" success="True" time="0.001" asserts="7" />
                      <test-case name="CS_TickTackToe.Tests.TickTackToeTest.checkHortizontalSequenceThirdRow(1)" executed="True" result="Success" success="True" time="0.000" asserts="7" />
                    </results>
                  </test-suite>
                  <test-suite type="ParameterizedTest" name="checkNoSequence" executed="True" result="Success" success="True" time="0.004" asserts="0">
                    <results>
                      <test-case name="CS_TickTackToe.Tests.TickTackToeTest.checkNoSequence(1)" executed="True" result="Success" success="True" time="0.001" asserts="3" />
                      <test-case name="CS_TickTackToe.Tests.TickTackToeTest.checkNoSequence(2)" executed="True" result="Success" success="True" time="0.001" asserts="3" />
                    </results>
                  </test-suite>
                  <test-suite type="ParameterizedTest" name="checkVerticalSequenceFirstColumn" executed="True" result="Success" success="True" time="0.003" asserts="0">
                    <results>
                      <test-case name="CS_TickTackToe.Tests.TickTackToeTest.checkVerticalSequenceFirstColumn(1)" executed="True" result="Success" success="True" time="0.001" asserts="7" />
                      <test-case name="CS_TickTackToe.Tests.TickTackToeTest.checkVerticalSequenceFirstColumn(2)" executed="True" result="Success" success="True" time="0.000" asserts="7" />
                    </results>
                  </test-suite>
                  <test-suite type="ParameterizedTest" name="checkVerticalSequenceSecondColumn" executed="True" result="Success" success="True" time="0.002" asserts="0">
                    <results>
                      <test-case name="CS_TickTackToe.Tests.TickTackToeTest.checkVerticalSequenceSecondColumn(1)" executed="True" result="Success" success="True" time="0.001" asserts="7" />
                      <test-case name="CS_TickTackToe.Tests.TickTackToeTest.checkVerticalSequenceSecondColumn(2)" executed="True" result="Success" success="True" time="0.000" asserts="7" />
                    </results>
                  </test-suite>
                  <test-suite type="ParameterizedTest" name="checkVerticalSequenceThirdColumn" executed="True" result="Success" success="True" time="0.002" asserts="0">
                    <results>
                      <test-case name="CS_TickTackToe.Tests.TickTackToeTest.checkVerticalSequenceThirdColumn(1)" executed="True" result="Success" success="True" time="0.001" asserts="7" />
                      <test-case name="CS_TickTackToe.Tests.TickTackToeTest.checkVerticalSequenceThirdColumn(2)" executed="True" result="Success" success="True" time="0.000" asserts="7" />
                    </results>
                  </test-suite>
                  <test-suite type="ParameterizedTest" name="checkVerticalWin" executed="True" result="Success" success="True" time="0.009" asserts="0">
                    <results>
                      <test-case name="CS_TickTackToe.Tests.TickTackToeTest.checkVerticalWin(1,1)" executed="True" result="Success" success="True" time="0.001" asserts="1" />
                      <test-case name="CS_TickTackToe.Tests.TickTackToeTest.checkVerticalWin(0,1)" executed="True" result="Success" success="True" time="0.000" asserts="1" />
                      <test-case name="CS_TickTackToe.Tests.TickTackToeTest.checkVerticalWin(2,1)" executed="True" result="Success" success="True" time="0.000" asserts="1" />
                      <test-case name="CS_TickTackToe.Tests.TickTackToeTest.checkVerticalWin(0,2)" executed="True" result="Success" success="True" time="0.000" asserts="1" />
                      <test-case name="CS_TickTackToe.Tests.TickTackToeTest.checkVerticalWin(1,2)" executed="True" result="Success" success="True" time="0.000" asserts="1" />
                      <test-case name="CS_TickTackToe.Tests.TickTackToeTest.checkVerticalWin(2,2)" executed="True" result="Success" success="True" time="0.000" asserts="1" />
                    </results>
                  </test-suite>
                </results>
              </test-suite>
            </results>
          </test-suite>
        </results>
      </test-suite>
    </results>
  </test-suite>
</test-results>